This is LuaTeX, Version beta-0.80.0 (TeX Live 2015) (rev 5238)  (format=lualatex 2016.4.13)  15 APR 2016 17:38
 restricted \write18 enabled.
**Astroteilchen.tex
(./Astroteilchen.tex
LaTeX2e <2016/03/31>
Babel <3.9q> and hyphenation patterns for 1 language(s) loaded.
(./header.tex
(/home/kevin/.local/texlive/2015/texmf-dist/tex/latex/koma-script/scrartcl.cls
Document Class: scrartcl 2015/10/03 v3.19a KOMA-Script document class (article)
(/home/kevin/.local/texlive/2015/texmf-dist/tex/latex/koma-script/scrkbase.sty
Package: scrkbase 2015/10/03 v3.19a KOMA-Script package (KOMA-Script-dependent b
asics and keyval usage)

(/home/kevin/.local/texlive/2015/texmf-dist/tex/latex/koma-script/scrbase.sty
Package: scrbase 2015/10/03 v3.19a KOMA-Script package (KOMA-Script-independent 
basics and keyval usage)

(/home/kevin/.local/texlive/2015/texmf-dist/tex/latex/graphics/keyval.sty
Package: keyval 2014/10/28 v1.15 key=value parser (DPC)
\KV@toks@=\toks14
)
(/home/kevin/.local/texlive/2015/texmf-dist/tex/latex/koma-script/scrlfile.sty
Package: scrlfile 2015/10/03 v3.19a KOMA-Script package (loading files)

Package scrlfile, 2015/10/03 v3.19a KOMA-Script package (loading files)
                  Copyright (C) Markus Kohm

)))
(/home/kevin/.local/texlive/2015/texmf-dist/tex/latex/koma-script/tocbasic.sty
Package: tocbasic 2015/10/03 v3.19a KOMA-Script package (handling toc-files)
)
Package tocbasic Info: omitting babel extension for `toc'
(tocbasic)             because of feature `nobabel' available
(tocbasic)             for `toc' on input line 123.
Package tocbasic Info: omitting babel extension for `lof'
(tocbasic)             because of feature `nobabel' available
(tocbasic)             for `lof' on input line 124.
Package tocbasic Info: omitting babel extension for `lot'
(tocbasic)             because of feature `nobabel' available
(tocbasic)             for `lot' on input line 125.
Class scrartcl Info: File `scrsize11pt.clo' used instead of
(scrartcl)           file `scrsize11.clo' to setup font sizes on input line 2033
.

(/home/kevin/.local/texlive/2015/texmf-dist/tex/latex/koma-script/scrsize11pt.c
lo
File: scrsize11pt.clo 2015/10/03 v3.19a KOMA-Script font size class option (11pt
)
)
(/home/kevin/.local/texlive/2015/texmf-dist/tex/latex/koma-script/typearea.sty
Package: typearea 2015/10/03 v3.19a KOMA-Script package (type area)

Package typearea, 2015/10/03 v3.19a KOMA-Script package (type area)
                  Copyright (C) Frank Neukam, 1992-1994
                  Copyright (C) Markus Kohm, 1994-

\ta@bcor=\skip41
\ta@div=\count79
\ta@hblk=\skip42
\ta@vblk=\skip43
\ta@temp=\skip44
\footheight=\skip45
Package typearea Info: These are the values describing the layout:
(typearea)             DIV  = 10
(typearea)             BCOR = 0.0pt
(typearea)             \paperwidth      = 597.50793pt
(typearea)              \textwidth      = 418.25555pt
(typearea)              DIV departure   = -6%
(typearea)              \evensidemargin = 17.3562pt
(typearea)              \oddsidemargin  = 17.3562pt
(typearea)             \paperheight     = 845.04694pt
(typearea)              \textheight     = 595.80026pt
(typearea)              \topmargin      = -25.16531pt
(typearea)              \headheight     = 17.0pt
(typearea)              \headsep        = 20.40001pt
(typearea)              \topskip        = 11.0pt
(typearea)              \footskip       = 47.6pt
(typearea)              \baselineskip   = 13.6pt
(typearea)              on input line 1509.
)
\c@part=\count80
\c@section=\count81
\c@subsection=\count82
\c@subsubsection=\count83
\c@paragraph=\count84
\c@subparagraph=\count85
LaTeX Info: Redefining \textsubscript on input line 3906.
\abovecaptionskip=\skip46
\belowcaptionskip=\skip47
\c@pti@nb@sid@b@x=\box26
\c@figure=\count86
\c@table=\count87
\bibindent=\dimen102
) (/home/kevin/.local/texlive/2015/texmf-dist/tex/latex/base/fixltx2e.sty
Package: fixltx2e 2015/06/22 v2.0b fixes to LaTeX (obsolete)


Package fixltx2e Warning: fixltx2e is not required with releases after 2015
(fixltx2e)                All fixes are now in the LaTeX kernel.
(fixltx2e)                See the latexrelease package for details.

)
(/home/kevin/.local/texlive/2015/texmf-dist/tex/latex/oberdiek/rerunfilecheck.s
ty
Package: rerunfilecheck 2011/04/15 v1.7 Rerun checks for auxiliary files (HO)
 (/home/kevin/.local/texlive/2015/texmf-dist/tex/latex/oberdiek/kvoptions.sty
Package: kvoptions 2011/06/30 v3.11 Key value format for package options (HO)
(/home/kevin/.local/texlive/2015/texmf-dist/tex/generic/oberdiek/ltxcmds.sty
Package: ltxcmds 2011/11/09 v1.22 LaTeX kernel commands for general use (HO)
)
(/home/kevin/.local/texlive/2015/texmf-dist/tex/generic/oberdiek/kvsetkeys.sty
Package: kvsetkeys 2012/04/25 v1.16 Key value parser (HO)

(/home/kevin/.local/texlive/2015/texmf-dist/tex/generic/oberdiek/infwarerr.sty
Package: infwarerr 2010/04/08 v1.3 Providing info/warning/error messages (HO)
)
(/home/kevin/.local/texlive/2015/texmf-dist/tex/generic/oberdiek/etexcmds.sty
Package: etexcmds 2011/02/16 v1.5 Avoid name clashes with e-TeX commands (HO)

(/home/kevin/.local/texlive/2015/texmf-dist/tex/generic/oberdiek/ifluatex.sty
Package: ifluatex 2010/03/01 v1.3 Provides the ifluatex switch (HO)
Package ifluatex Info: LuaTeX detected.
))))
(/home/kevin/.local/texlive/2015/texmf-dist/tex/generic/oberdiek/pdftexcmds.sty
Package: pdftexcmds 2011/11/29 v0.20 Utility functions of pdfTeX for LuaTeX (HO)

(/home/kevin/.local/texlive/2015/texmf-dist/tex/generic/oberdiek/ifpdf.sty
Package: ifpdf 2011/01/30 v2.3 Provides the ifpdf switch (HO)
Package ifpdf Info: pdfTeX in PDF mode is detected.
)
Package pdftexcmds Info: \pdf@primitive is available.
Package pdftexcmds Info: \pdf@ifprimitive is available.
Package pdftexcmds Info: \pdfdraftmode found.

(/home/kevin/.local/texlive/2015/texmf-dist/tex/generic/oberdiek/luatex-loader.
sty
Package: luatex-loader 2010/03/09 v0.4 Lua module loader (HO)

(/home/kevin/.local/texlive/2015/texmf-dist/scripts/oberdiek/oberdiek.luatex.lua
))
\pdftexcmds@toks=\toks15
)
(/home/kevin/.local/texlive/2015/texmf-dist/tex/latex/oberdiek/atveryend.sty
Package: atveryend 2011/06/30 v1.8 Hooks at the very end of document (HO)
Package atveryend Info: \enddocument detected (standard20110627).
)
(/home/kevin/.local/texlive/2015/texmf-dist/tex/generic/oberdiek/uniquecounter.
sty
Package: uniquecounter 2011/01/30 v1.2 Provide unlimited unique counter (HO)

(/home/kevin/.local/texlive/2015/texmf-dist/tex/generic/oberdiek/bigintcalc.sty
Package: bigintcalc 2012/04/08 v1.3 Expandable calculations on big integers (HO)

))
Package uniquecounter Info: New unique counter `rerunfilecheck' on input line 28
2.
)
(/home/kevin/.local/texlive/2015/texmf-dist/tex/latex/polyglossia/polyglossia.s
ty
Package: polyglossia 2015/03/25 v1.42.4 Alternative to Babel for XeLaTeX and Lua
LaTeX
 (/home/kevin/.local/texlive/2015/texmf-dist/tex/latex/etoolbox/etoolbox.sty
Package: etoolbox 2015/08/02 v2.2a e-TeX tools for LaTeX (JAW)
\etb@tempcnta=\count88
)
(/home/kevin/.local/texlive/2015/texmf-dist/tex/latex/makecmds/makecmds.sty
Package: makecmds 2009/09/03 v1.0a extra command making commands
)
(/home/kevin/.local/texlive/2015/texmf-dist/tex/latex/xkeyval/xkeyval.sty
Package: xkeyval 2014/12/03 v2.7a package option processing (HA)

(/home/kevin/.local/texlive/2015/texmf-dist/tex/generic/xkeyval/xkeyval.tex
(/home/kevin/.local/texlive/2015/texmf-dist/tex/generic/xkeyval/xkvutils.tex
\XKV@toks=\toks16
\XKV@tempa@toks=\toks17
)
\XKV@depth=\count89
File: xkeyval.tex 2014/12/03 v2.7a key=value parser (HA)
))
(/home/kevin/.local/texlive/2015/texmf-dist/tex/latex/fontspec/fontspec.sty
(/home/kevin/.local/texlive/2015/texmf-dist/tex/latex/l3kernel/expl3.sty
Package: expl3 2016/03/28 v6468 L3 programming layer (loader) 

(/home/kevin/.local/texlive/2015/texmf-dist/tex/latex/l3kernel/expl3-code.tex
Package: expl3 2016/03/28 v6468 L3 programming layer (code)
L3 Module: l3bootstrap 2016/02/12 v6412 L3 Bootstrap code
\ucharcat@table=\catcodetable5
L3 Module: l3names 2016/03/11 v6433 L3 Namespace for primitives
L3 Module: l3basics 2015/11/22 v6315 L3 Basic definitions
L3 Module: l3expan 2015/09/10 v5983 L3 Argument expansion
L3 Module: l3tl 2016/03/26 v6465 L3 Token lists
L3 Module: l3str 2016/03/24 v6441 L3 Strings
L3 Module: l3seq 2015/08/05 v5777 L3 Sequences and stacks
L3 Module: l3int 2016/03/24 v6441 L3 Integers
\c_max_int=\count90
\l_tmpa_int=\count91
\l_tmpb_int=\count92
\g_tmpa_int=\count93
\g_tmpb_int=\count94
L3 Module: l3quark 2015/08/17 v5855 L3 Quarks
L3 Module: l3prg 2015/11/01 v6216 L3 Control structures
\g__prg_map_int=\count95
L3 Module: l3clist 2015/09/02 v5901 L3 Comma separated lists
L3 Module: l3token 2016/03/26 v6465 L3 Experimental token manipulation
L3 Module: l3prop 2016/01/05 v6366 L3 Property lists
L3 Module: l3msg 2016/03/26 v6464 L3 Messages
L3 Module: l3file 2016/03/25 v6458 L3 File and I/O operations
\l_iow_line_count_int=\count96
\l__iow_target_count_int=\count97
\l__iow_current_line_int=\count98
\l__iow_current_word_int=\count99
\l__iow_current_indentation_int=\count100
L3 Module: l3skip 2016/01/05 v6366 L3 Dimensions and skips
\c_zero_dim=\dimen103
\c_max_dim=\dimen104
\l_tmpa_dim=\dimen105
\l_tmpb_dim=\dimen106
\g_tmpa_dim=\dimen107
\g_tmpb_dim=\dimen108
\c_zero_skip=\skip48
\c_max_skip=\skip49
\l_tmpa_skip=\skip50
\l_tmpb_skip=\skip51
\g_tmpa_skip=\skip52
\g_tmpb_skip=\skip53
\c_zero_muskip=\muskip10
\c_max_muskip=\muskip11
\l_tmpa_muskip=\muskip12
\l_tmpb_muskip=\muskip13
\g_tmpa_muskip=\muskip14
\g_tmpb_muskip=\muskip15
L3 Module: l3keys 2015/11/17 v6284 L3 Key-value interfaces
\g__keyval_level_int=\count101
\l_keys_choice_int=\count102
L3 Module: l3fp 2016/03/26 v6465 L3 Floating points
\c__fp_leading_shift_int=\count103
\c__fp_middle_shift_int=\count104
\c__fp_trailing_shift_int=\count105
\c__fp_big_leading_shift_int=\count106
\c__fp_big_middle_shift_int=\count107
\c__fp_big_trailing_shift_int=\count108
\c__fp_Bigg_leading_shift_int=\count109
\c__fp_Bigg_middle_shift_int=\count110
\c__fp_Bigg_trailing_shift_int=\count111
L3 Module: l3box 2015/08/09 v5822 L3 Experimental boxes
\c_empty_box=\box27
\l_tmpa_box=\box28
\l_tmpb_box=\box29
\g_tmpa_box=\box30
\g_tmpb_box=\box31
L3 Module: l3coffins 2016/03/24 v6440 L3 Coffin code layer
\l__coffin_internal_box=\box32
\l__coffin_internal_dim=\dimen109
\l__coffin_offset_x_dim=\dimen110
\l__coffin_offset_y_dim=\dimen111
\l__coffin_x_dim=\dimen112
\l__coffin_y_dim=\dimen113
\l__coffin_x_prime_dim=\dimen114
\l__coffin_y_prime_dim=\dimen115
\c_empty_coffin=\box33
\l__coffin_aligned_coffin=\box34
\l__coffin_aligned_internal_coffin=\box35
\l_tmpa_coffin=\box36
\l_tmpb_coffin=\box37
\l__coffin_display_coffin=\box38
\l__coffin_display_coord_coffin=\box39
\l__coffin_display_pole_coffin=\box40
\l__coffin_display_offset_dim=\dimen116
\l__coffin_display_x_dim=\dimen117
\l__coffin_display_y_dim=\dimen118
L3 Module: l3color 2014/08/23 v5354 L3 Experimental color support
L3 Module: l3sys 2015/09/25 v6087 L3 Experimental system/runtime functions
L3 Module: l3candidates 2016/03/25 v6456 L3 Experimental additions to l3kernel
\l__box_top_dim=\dimen119
\l__box_bottom_dim=\dimen120
\l__box_left_dim=\dimen121
\l__box_right_dim=\dimen122
\l__box_top_new_dim=\dimen123
\l__box_bottom_new_dim=\dimen124
\l__box_left_new_dim=\dimen125
\l__box_right_new_dim=\dimen126
\l__box_internal_box=\box41
\l__coffin_bounding_shift_dim=\dimen127
\l__coffin_left_corner_dim=\dimen128
\l__coffin_right_corner_dim=\dimen129
\l__coffin_bottom_corner_dim=\dimen130
\l__coffin_top_corner_dim=\dimen131
\l__coffin_scaled_total_height_dim=\dimen132
\l__coffin_scaled_width_dim=\dimen133
L3 Module: l3luatex 2016/03/26 v6465 L3 Experimental LuaTeX-specific functions
)
(/home/kevin/.local/texlive/2015/texmf-dist/tex/latex/l3kernel/l3pdfmode.def
File: l3pdfmode.def 2016/03/26 v6465 L3 Experimental driver: PDF mode
\l__driver_color_stack_int=\count112
))
(/home/kevin/.local/texlive/2015/texmf-dist/tex/latex/l3packages/xparse/xparse.
sty
Package: xparse 2016/03/28 v6468 L3 Experimental document command parser
\l__xparse_current_arg_int=\count113
\l__xparse_m_args_int=\count114
\l__xparse_mandatory_args_int=\count115
\l__xparse_processor_int=\count116
\l__xparse_v_nesting_int=\count117
)
Package: fontspec 2016/02/01 v2.5a Font selection for XeLaTeX and LuaLaTeX

(/home/kevin/.local/texlive/2015/texmf-dist/tex/luatex/luaotfload/luaotfload.st
y
Package: luaotfload 2015/12/09 v2.6 OpenType layout system
Lua module: luaotfload-main 2015/12/09 2.60001 OpenType layout system.
Lua module: lualibs 2015-12-02 2.3 ConTeXt Lua standard libraries.
Lua module: lualibs-extended 2015-12-02 2.3 ConTeXt Lua libraries -- extended co
llection.(using write cache: /home/kevin/.local/texlive/2015/texmf-var/luatex-ca
che/generic)(using read cache: /home/kevin/.local/texlive/2015/texmf-var/luatex-
cache/generic /home/kevin/.texlive2015/texmf-var/luatex-cache/generic)
luaotfload | conf : Root cache directory is /home/kevin/.local/texlive/2015/texm
f-var/luatex-cache/generic/names.
luaotfload | init : Loading fontloader “fontloader-2016-02-12.lua” from kpse
-resolved path “/home/kevin/.local/texlive/2015/texmf-dist/tex/luatex/luaotflo
ad/fontloader-2016-02-12.lua”.
Lua-only attribute luaotfload@state = 1
Lua-only attribute luaotfload@cursbase = 2
Lua-only attribute luaotfload@noligature = 3
luaotfload | init : Context OpenType loader version “2.82”
Inserting `luaotfload.node_processor' at position 1 in `pre_linebreak_filter'.
Inserting `luaotfload.node_processor' at position 1 in `hpack_filter'.
Inserting `luaotfload.define_font' at position 1 in `define_font'.
Lua-only attribute luaotfload_color_attribute = 4
luaotfload | conf : Root cache directory is /home/kevin/.local/texlive/2015/texm
f-var/luatex-cache/generic/names.
Inserting `luaotfload.aux.set_sscale_dimens' at position 1 in `luaotfload.patch_
font'.
Inserting `luaotfload.aux.patch_cambria_domh' at position 2 in `luaotfload.patch
_font'.
Inserting `luaotfload.aux.fixup_fontdata' at position 1 in `luaotfload.patch_fon
t_unsafe'.
Inserting `luaotfload.aux.set_capheight' at position 3 in `luaotfload.patch_font
'.
Inserting `luaotfload.rewrite_fontname' at position 4 in `luaotfload.patch_font'
.
luaotfload | main : initialization completed in 0.113 seconds)
Lua module: fontspec 2016/02/01 2.5a Advanced font selection for LuaLaTeX.
(/home/kevin/.local/texlive/2015/texmf-dist/tex/latex/fontspec/fontspec-luatex.
sty
Package: fontspec-luatex 2016/02/01 v2.5a Font selection for XeLaTeX and LuaLaTe
X
\l_fontspec_script_int=\count118
\l_fontspec_language_int=\count119
\l_fontspec_strnum_int=\count120
\l__fontspec_tmpa_dim=\dimen134
\l__fontspec_tmpb_dim=\dimen135
\l__fontspec_tmpc_dim=\dimen136
\g__file_internal_ior=\read1
 (/home/kevin/.local/texlive/2015/texmf-dist/tex/latex/base/fontenc.sty
Package: fontenc 2005/09/27 v1.99g Standard LaTeX package

(/home/kevin/.local/texlive/2015/texmf-dist/tex/latex/euenc/eu2enc.def
File: eu2enc.def 2010/05/27 v0.1h Experimental Unicode font encodings
)
LaTeX Font Info:    Try loading font information for EU2+lmr on input line 105.

(/home/kevin/.local/texlive/2015/texmf-dist/tex/latex/euenc/eu2lmr.fd
File: eu2lmr.fd 2009/10/30 v1.6 Font defs for Latin Modern
)
luaotfload | db : Font names database loaded from /home/kevin/.local/texlive/201
5/texmf-var/luatex-cache/generic/names/luaotfload-names.luc(load luc: /home/kevi
n/.local/texlive/2015/texmf-var/luatex-cache/generic/fonts/otf/lmroman10-regular
.luc))
(/home/kevin/.local/texlive/2015/texmf-dist/tex/xelatex/xunicode/xunicode.sty
File: xunicode.sty 2011/09/09 v0.981 provides access to latin accents and many o
ther characters in Unicode lower plane

(/home/kevin/.local/texlive/2015/texmf-dist/tex/latex/tipa/t3enc.def
File: t3enc.def 2001/12/31 T3 encoding
(load luc: /home/kevin/.local/texlive/2015/texmf-var/luatex-cache/generic/fonts/
otf/lmromanslant10-regular.luc)(load luc: /home/kevin/.local/texlive/2015/texmf-
var/luatex-cache/generic/fonts/otf/lmroman10-italic.luc)(load luc: /home/kevin/.
local/texlive/2015/texmf-var/luatex-cache/generic/fonts/otf/lmroman10-bold.luc)
LaTeX Font Info:    Try loading font information for EU2+lmss on input line 357.


(/home/kevin/.local/texlive/2015/texmf-dist/tex/latex/euenc/eu2lmss.fd
File: eu2lmss.fd 2009/10/30 v1.6 Font defs for Latin Modern
)(load luc: /home/kevin/.local/texlive/2015/texmf-var/luatex-cache/generic/fonts
/otf/lmsans10-regular.luc))
\tipaTiiicode=\count121
\tipasavetokens=\toks18
\tipachecktokens=\toks19

(/home/kevin/.local/texlive/2015/texmf-dist/tex/latex/graphics/graphicx.sty
Package: graphicx 2014/10/28 v1.0g Enhanced LaTeX Graphics (DPC,SPQR)

(/home/kevin/.local/texlive/2015/texmf-dist/tex/latex/graphics/graphics.sty
Package: graphics 2016/01/03 v1.0q Standard LaTeX Graphics (DPC,SPQR)

(/home/kevin/.local/texlive/2015/texmf-dist/tex/latex/graphics/trig.sty
Package: trig 2016/01/03 v1.10 sin cos tan (DPC)
)
(/home/kevin/.local/texlive/2015/texmf-dist/tex/latex/latexconfig/graphics.cfg
File: graphics.cfg 2010/04/23 v1.9 graphics configuration of TeX Live
)
Package graphics Info: Driver file: pdftex.def on input line 95.

(/home/kevin/.local/texlive/2015/texmf-dist/tex/latex/pdftex-def/pdftex.def
File: pdftex.def 2011/05/27 v0.06d Graphics/color for pdfTeX
\Gread@gobject=\count122
))
\Gin@req@height=\dimen137
\Gin@req@width=\dimen138
))
.................................................
. LaTeX info: "xparse/define-command"
. 
. Defining command \__fontspec_post_arg:w with sig. 'mmO{}' on line 356.
.................................................
.................................................
. LaTeX info: "xparse/define-command"
. 
. Defining command \fontspec with sig. 'om' on line 358.
.................................................
.................................................
. LaTeX info: "xparse/define-command"
. 
. Defining command \setmainfont with sig. 'om' on line 368.
.................................................
.................................................
. LaTeX info: "xparse/define-command"
. 
. Defining command \setsansfont with sig. 'om' on line 378.
.................................................
.................................................
. LaTeX info: "xparse/define-command"
. 
. Defining command \setmonofont with sig. 'om' on line 388.
.................................................
.................................................
. LaTeX info: "xparse/define-command"
. 
. Defining command \setmathrm with sig. 'om' on line 402.
.................................................
.................................................
. LaTeX info: "xparse/define-command"
. 
. Defining command \setboldmathrm with sig. 'om' on line 410.
.................................................
.................................................
. LaTeX info: "xparse/define-command"
. 
. Defining command \setmathsf with sig. 'om' on line 418.
.................................................
.................................................
. LaTeX info: "xparse/define-command"
. 
. Defining command \setmathtt with sig. 'om' on line 426.
.................................................
.................................................
. LaTeX info: "xparse/define-command"
. 
. Defining command \newfontfamily with sig. 'mom' on line 440.
.................................................
.................................................
. LaTeX info: "xparse/define-command"
. 
. Defining command \newfontface with sig. 'mom' on line 456.
.................................................
.................................................
. LaTeX info: "xparse/define-command"
. 
. Defining command \defaultfontfeatures with sig. 't+om' on line 470.
.................................................
.................................................
. LaTeX info: "xparse/define-command"
. 
. Defining command \addfontfeatures with sig. 'm' on line 533.
.................................................
.................................................
. LaTeX info: "xparse/define-command"
. 
. Defining command \newfontfeature with sig. 'mm' on line 544.
.................................................
.................................................
. LaTeX info: "xparse/define-command"
. 
. Defining command \newAATfeature with sig. 'mmmm' on line 552.
.................................................
.................................................
. LaTeX info: "xparse/define-command"
. 
. Defining command \newopentypefeature with sig. 'mmm' on line 560.
.................................................
.................................................
. LaTeX info: "xparse/define-command"
. 
. Defining command \aliasfontfeature with sig. 'mm' on line 581.
.................................................
.................................................
. LaTeX info: "xparse/define-command"
. 
. Defining command \aliasfontfeatureoption with sig. 'mmm' on line 590.
.................................................
.................................................
. LaTeX info: "xparse/define-command"
. 
. Defining command \newfontscript with sig. 'mm' on line 594.
.................................................
.................................................
. LaTeX info: "xparse/define-command"
. 
. Defining command \newfontlanguage with sig. 'mm' on line 598.
.................................................
.................................................
. LaTeX info: "xparse/define-command"
. 
. Defining command \DeclareFontsExtensions with sig. 'm' on line 603.
.................................................
\l__fontspec_tmp_int=\count123

(/home/kevin/.local/texlive/2015/texmf-dist/tex/latex/fontspec/fontspec.cfg)
LaTeX Info: Redefining \itshape on input line 2629.
LaTeX Info: Redefining \slshape on input line 2634.
LaTeX Info: Redefining \scshape on input line 2639.
LaTeX Info: Redefining \upshape on input line 2644.
\l__fontspec_em_int=\count124
\l__fontspec_emdef_int=\count125
LaTeX Info: Redefining \em on input line 2660.
LaTeX Info: Redefining \emph on input line 2666.
LaTeX Info: Redefining \- on input line 2670.
.................................................
. LaTeX info: "xparse/redefine-command"
. 
. Redefining command \oldstylenums with sig. 'm' on line 2765.
.................................................
.................................................
. LaTeX info: "xparse/define-command"
. 
. Defining command \liningnums with sig. 'm' on line 2769.
.................................................
))
(/home/kevin/.local/texlive/2015/texmf-dist/tex/generic/ifxetex/ifxetex.sty
Package: ifxetex 2010/09/12 v0.6 Provides ifxetex conditional
)
(/home/kevin/.local/texlive/2015/texmf-dist/tex/luatex/luatexbase/luatexbase.st
y
Package: luatexbase 2015/10/04 v1.3 luatexbase interface to LuaTeX 

(/home/kevin/.local/texlive/2015/texmf-dist/tex/luatex/ctablestack/ctablestack.
sty
Package: ctablestack 2015/10/01 v1.0 Catcode table stable support
\@catcodetablestackcnt=\count126
)
\CatcodeTableOther=\catcodetable6
\CatcodeTableExpl=\catcodetable7
)
luatex-hyphen: using data file: /home/kevin/.local/texlive/2015/texmf-var/tex/ge
neric/config/language.dat.lua
Lua module: polyglossia 2013/05/11 1.3 Polyglossia)
(/home/kevin/.local/texlive/2015/texmf-dist/tex/latex/polyglossia/gloss-german.
ldf
File: gloss-german.ldf polyglossia: module for german

hyph-de-1901.pat.txt
Language german was not yet loaded; created with id 4
Language german already loaded; id is 4
hyph-de-1996.pat.txt
Language ngerman was not yet loaded; created with id 8
Language ngerman already loaded; id is 8
(/home/kevin/.local/texlive/2015/texmf-dist/tex/latex/polyglossia/babelsh.def
File: babelsh.def 2013/04/30 Babel common definitions for shorthands
 Taken verbatim from babel.def (2013/04/15 v3.9e)
)
Package polyglossia Info: Making " an active character on input line 79.
)
Package polyglossia Info: Default language is german.

(/home/kevin/.local/texlive/2015/texmf-dist/tex/latex/amsmath/amsmath.sty
Package: amsmath 2016/03/10 v2.15b AMS math features
\@mathmargin=\skip54

For additional information on amsmath, use the `?' option.
(/home/kevin/.local/texlive/2015/texmf-dist/tex/latex/amsmath/amstext.sty
Package: amstext 2000/06/29 v2.01 AMS text

(/home/kevin/.local/texlive/2015/texmf-dist/tex/latex/amsmath/amsgen.sty
File: amsgen.sty 1999/11/30 v2.0 generic functions
\@emptytoks=\toks20
\ex@=\dimen139
))
(/home/kevin/.local/texlive/2015/texmf-dist/tex/latex/amsmath/amsbsy.sty
Package: amsbsy 1999/11/29 v1.2d Bold Symbols
\pmbraise@=\dimen140
)
(/home/kevin/.local/texlive/2015/texmf-dist/tex/latex/amsmath/amsopn.sty
Package: amsopn 2016/03/08 v2.02 operator names
)
\inf@bad=\count127
LaTeX Info: Redefining \frac on input line 199.
\uproot@=\count128
\leftroot@=\count129
LaTeX Info: Redefining \overline on input line 297.
\classnum@=\count130
\DOTSCASE@=\count131
LaTeX Info: Redefining \ldots on input line 394.
LaTeX Info: Redefining \dots on input line 397.
LaTeX Info: Redefining \cdots on input line 518.
\Mathstrutbox@=\box42
\strutbox@=\box43
\big@size=\dimen141
LaTeX Font Info:    Redeclaring font encoding OML on input line 634.
LaTeX Font Info:    Redeclaring font encoding OMS on input line 635.
\macc@depth=\count132
\c@MaxMatrixCols=\count133
\dotsspace@=\muskip16
\c@parentequation=\count134
\dspbrk@lvl=\count135
\tag@help=\toks21
\row@=\count136
\column@=\count137
\maxfields@=\count138
\andhelp@=\toks22
\eqnshift@=\dimen142
\alignsep@=\dimen143
\tagshift@=\dimen144
\tagwidth@=\dimen145
\totwidth@=\dimen146
\lineht@=\dimen147
\@envbody=\toks23
\multlinegap=\skip55
\multlinetaggap=\skip56
\mathdisplay@stack=\toks24
LaTeX Info: Redefining \[ on input line 2739.
LaTeX Info: Redefining \] on input line 2740.
)
(/home/kevin/.local/texlive/2015/texmf-dist/tex/latex/amsfonts/amssymb.sty
Package: amssymb 2013/01/14 v3.01 AMS font symbols

(/home/kevin/.local/texlive/2015/texmf-dist/tex/latex/amsfonts/amsfonts.sty
Package: amsfonts 2013/01/14 v3.01 Basic AMSFonts support
\symAMSa=\mathgroup4
\symAMSb=\mathgroup5
LaTeX Font Info:    Overwriting math alphabet `\mathfrak' in version `bold'
(Font)                  U/euf/m/n --> U/euf/b/n on input line 106.
))
(/home/kevin/.local/texlive/2015/texmf-dist/tex/latex/mathtools/mathtools.sty
Package: mathtools 2015/11/12 v1.18 mathematical typesetting tools

(/home/kevin/.local/texlive/2015/texmf-dist/tex/latex/tools/calc.sty
Package: calc 2014/10/28 v4.3 Infix arithmetic (KKT,FJ)
\calc@Acount=\count139
\calc@Bcount=\count140
\calc@Adimen=\dimen148
\calc@Bdimen=\dimen149
\calc@Askip=\skip57
\calc@Bskip=\skip58
LaTeX Info: Redefining \setlength on input line 80.
LaTeX Info: Redefining \addtolength on input line 81.
\calc@Ccount=\count141
\calc@Cskip=\skip59
)
(/home/kevin/.local/texlive/2015/texmf-dist/tex/latex/mathtools/mhsetup.sty
Package: mhsetup 2010/01/21 v1.2a programming setup (MH)
)
LaTeX Info: Thecontrolsequence`\('isalreadyrobust on input line 129.
LaTeX Info: Thecontrolsequence`\)'isalreadyrobust on input line 129.
LaTeX Info: Thecontrolsequence`\['isalreadyrobust on input line 129.
LaTeX Info: Thecontrolsequence`\]'isalreadyrobust on input line 129.
\g_MT_multlinerow_int=\count142
\l_MT_multwidth_dim=\dimen150
\origjot=\skip60
\l_MT_shortvdotswithinadjustabove_dim=\dimen151
\l_MT_shortvdotswithinadjustbelow_dim=\dimen152
\l_MT_above_intertext_sep=\dimen153
\l_MT_below_intertext_sep=\dimen154
\l_MT_above_shortintertext_sep=\dimen155
\l_MT_below_shortintertext_sep=\dimen156
)
(/home/kevin/.local/texlive/2015/texmf-dist/tex/latex/csquotes/csquotes.sty
Package: csquotes 2016/01/31 v5.1g context-sensitive quotations (JAW)
\csq@reset=\count143
\csq@gtype=\count144
\csq@glevel=\count145
\csq@qlevel=\count146
\csq@maxlvl=\count147
\csq@tshold=\count148
\csq@ltx@everypar=\toks25

(/home/kevin/.local/texlive/2015/texmf-dist/tex/latex/csquotes/csquotes.def
File: csquotes.def 2016/01/31 v5.1g csquotes generic definitions (JAW)
)
Package csquotes Info: Trying to load configuration file 'csquotes.cfg'...
Package csquotes Info: ... configuration file loaded successfully.

(/home/kevin/.local/texlive/2015/texmf-dist/tex/latex/csquotes/csquotes.cfg
File: csquotes.cfg 
)
Package csquotes Info: Enabling multilingual quotes.
)
(/home/kevin/.local/texlive/2015/texmf-dist/tex/latex/siunitx/siunitx.sty
Package: siunitx 2016/03/01 v2.6q A comprehensive (SI) units package

(/home/kevin/.local/texlive/2015/texmf-dist/tex/latex/tools/array.sty
Package: array 2014/10/28 v2.4c Tabular extension package (FMi)
\col@sep=\dimen157
\extrarowheight=\dimen158
\NC@list=\toks26
\extratabsurround=\skip61
\backup@length=\skip62
)
(/home/kevin/.local/texlive/2015/texmf-dist/tex/latex/l3packages/l3keys2e/l3key
s2e.sty
Package: l3keys2e 2016/03/28 v6468 LaTeX2e option processing using LaTeX3 keys
)
\l__siunitx_tmp_box=\box44
\l__siunitx_tmp_dim=\dimen159
\l__siunitx_tmp_int=\count149
\l__siunitx_number_mantissa_length_int=\count150
\l__siunitx_number_uncert_length_int=\count151
\l__siunitx_round_int=\count152
\l__siunitx_process_decimal_int=\count153
\l__siunitx_process_uncertainty_int=\count154
\l__siunitx_process_fixed_int=\count155
\l__siunitx_process_integer_min_int=\count156
\l__siunitx_process_precision_int=\count157
\l__siunitx_group_min_int=\count158
\l__siunitx_angle_marker_box=\box45
\l__siunitx_angle_unit_box=\box46
\l__siunitx_angle_marker_dim=\dimen160
\l__siunitx_angle_unit_dim=\dimen161
\l__siunitx_unit_int=\count159
\l__siunitx_unit_denominator_int=\count160
\l__siunitx_unit_numerator_int=\count161
\l__siunitx_unit_prefix_int=\count162
\l__siunitx_unit_prefix_base_int=\count163
\l__siunitx_unit_prefix_gram_int=\count164
\l__siunitx_number_product_int=\count165
\c__siunitx_one_fill_skip=\skip63
\l__siunitx_table_unit_align_skip=\skip64
\l__siunitx_table_exponent_dim=\dimen162
\l__siunitx_table_integer_dim=\dimen163
\l__siunitx_table_mantissa_dim=\dimen164
\l__siunitx_table_marker_dim=\dimen165
\l__siunitx_table_result_dim=\dimen166
\l__siunitx_table_uncert_dim=\dimen167
\l__siunitx_table_fill_pre_dim=\dimen168
\l__siunitx_table_fill_post_dim=\dimen169
\l__siunitx_table_fill_mid_dim=\dimen170
\l__siunitx_table_pre_box=\box47
\l__siunitx_table_post_box=\box48
\l__siunitx_table_mantissa_box=\box49
\l__siunitx_table_result_box=\box50
\l__siunitx_table_number_align_skip=\skip65
\l__siunitx_table_text_align_skip=\skip66
.................................................
. LaTeX info: "xparse/define-command"
. 
. Defining command \DeclareBinaryPrefix with sig. 'mmm' on line 7218.
.................................................
.................................................
. LaTeX info: "xparse/define-command"
. 
. Defining command \DeclareSIPostPower with sig. 'mm' on line 7221.
.................................................
.................................................
. LaTeX info: "xparse/define-command"
. 
. Defining command \DeclareSIPrefix with sig. 'mmm' on line 7224.
.................................................
.................................................
. LaTeX info: "xparse/define-command"
. 
. Defining command \DeclareSIPrePower with sig. 'mm' on line 7227.
.................................................
.................................................
. LaTeX info: "xparse/define-command"
. 
. Defining command \DeclareSIQualifier with sig. 'mm' on line 7230.
.................................................
.................................................
. LaTeX info: "xparse/define-command"
. 
. Defining command \DeclareSIUnit with sig. 'O{}mm' on line 7233.
.................................................
.................................................
. LaTeX info: "xparse/define-command"
. 
. Defining command \DeclareSIUnitWithOptions with sig. 'mmm' on line 7236.
.................................................
.................................................
. LaTeX info: "xparse/define-command"
. 
. Defining command \ang with sig. 'o>{\SplitArgument {2}{;}}m' on line 7251.
.................................................
.................................................
. LaTeX info: "xparse/define-command"
. 
. Defining command \num with sig. 'om' on line 7260.
.................................................
.................................................
. LaTeX info: "xparse/define-command"
. 
. Defining command \numlist with sig. 'o>{\SplitList {;}}m' on line 7269.
.................................................
.................................................
. LaTeX info: "xparse/define-command"
. 
. Defining command \numrange with sig. 'omm' on line 7278.
.................................................
.................................................
. LaTeX info: "xparse/define-command"
. 
. Defining command \SIlist with sig. 'o>{\SplitList {;}}mm' on line 7290.
.................................................
.................................................
. LaTeX info: "xparse/define-command"
. 
. Defining command \SIrange with sig. 'ommm' on line 7302.
.................................................
.................................................
. LaTeX info: "xparse/define-command"
. 
. Defining command \SI with sig. 'omom' on line 7314.
.................................................
.................................................
. LaTeX info: "xparse/define-command"
. 
. Defining command \sisetup with sig. 'm' on line 7317.
.................................................
.................................................
. LaTeX info: "xparse/define-command"
. 
. Defining command \tablenum with sig. 'om' on line 7332.
.................................................
.................................................
. LaTeX info: "xparse/define-command"
. 
. Defining command \si with sig. 'om' on line 7344.
.................................................
.................................................
. LaTeX info: "xparse/define-command"
. 
. Defining command \__siunitx_bookmark_num:w with sig. 'om' on line 7391.
.................................................
.................................................
. LaTeX info: "xparse/define-command"
. 
. Defining command \__siunitx_bookmark_numrange:w with sig. 'omm' on line
. 7393.
.................................................
.................................................
. LaTeX info: "xparse/define-command"
. 
. Defining command \__siunitx_bookmark_SI:w with sig. 'omom' on line 7395.
.................................................
.................................................
. LaTeX info: "xparse/define-command"
. 
. Defining command \__siunitx_bookmark_SIlist:w with sig. 'omm' on line 7397.
.................................................
.................................................
. LaTeX info: "xparse/define-command"
. 
. Defining command \__siunitx_bookmark_SIrange:w with sig. 'ommm' on line
. 7399.
.................................................
.................................................
. LaTeX info: "xparse/define-command"
. 
. Defining command \__siunitx_bookmark_si:w with sig. 'om' on line 7400.
.................................................

(/home/kevin/.local/texlive/2015/texmf-dist/tex/latex/beamer/translator/transla
tor.sty
Package: translator 2010/06/12 ver 1.10

(/home/kevin/.local/texlive/2015/texmf-dist/tex/latex/beamer/translator/transla
tor-language-mappings.tex)))
(/home/kevin/.local/texlive/2015/texmf-dist/tex/latex/mhchem/mhchem.sty
Package: mhchem 2016/02/07 v4.04 for typesetting chemical formulae

(/home/kevin/.local/texlive/2015/texmf-dist/tex/latex/l3experimental/l3str/l3re
gex.sty
Package: l3regex 2016/03/26 v6466 L3 Experimental regular expressions

(/home/kevin/.local/texlive/2015/texmf-dist/tex/latex/l3experimental/l3str/l3tl
-build.sty
Package: l3tl-build 2016/03/26 v6466 L3 Experimental token list construction
\l__tl_build_start_index_int=\count166
\l__tl_build_index_int=\count167
)
(/home/kevin/.local/texlive/2015/texmf-dist/tex/latex/l3experimental/l3str/l3tl
-analysis.sty
Package: l3tl-analysis 2016/03/24 v6443 L3 Experimental token lists analysis
\l__tl_analysis_normal_int=\count168
\l__tl_analysis_index_int=\count169
\l__tl_analysis_nesting_int=\count170
\l__tl_analysis_type_int=\count171
)
(/home/kevin/.local/texlive/2015/texmf-dist/tex/latex/l3experimental/l3str/l3fl
ag.sty
Package: l3flag 2016/03/26 v6466 L3 Experimental flags
)
(/home/kevin/.local/texlive/2015/texmf-dist/tex/latex/l3experimental/l3str/l3st
r-convert.sty
Package: l3str-convert 2016/03/24 v6443 L3 Experimental string encoding conversi
ons
\l__str_internal_int=\count172
)
\l__regex_internal_a_int=\count173
\l__regex_internal_b_int=\count174
\l__regex_internal_c_int=\count175
\l__regex_balance_int=\count176
\l__regex_group_level_int=\count177
\l__regex_mode_int=\count178
\l__regex_catcodes_int=\count179
\l__regex_default_catcodes_int=\count180
\c__regex_catcode_L_int=\count181
\c__regex_catcode_O_int=\count182
\c__regex_catcode_A_int=\count183
\c__regex_all_catcodes_int=\count184
\l__regex_show_lines_int=\count185
\l__regex_min_state_int=\count186
\l__regex_max_state_int=\count187
\l__regex_left_state_int=\count188
\l__regex_right_state_int=\count189
\l__regex_capturing_group_int=\count190
\l__regex_min_pos_int=\count191
\l__regex_max_pos_int=\count192
\l__regex_current_pos_int=\count193
\l__regex_start_pos_int=\count194
\l__regex_success_pos_int=\count195
\l__regex_current_char_int=\count196
\l__regex_current_catcode_int=\count197
\l__regex_last_char_int=\count198
\l__regex_case_changed_char_int=\count199
\l__regex_current_state_int=\count266
\l__regex_step_int=\count267
\l__regex_min_active_int=\count268
\l__regex_max_active_int=\count269
\l__regex_replacement_csnames_int=\count270
\l__regex_match_count_int=\count271
\l__regex_submatch_int=\count272
\l__regex_zeroth_submatch_int=\count273
)
(/home/kevin/.local/texlive/2015/texmf-dist/tex/latex/chemgreek/chemgreek.sty
Package: chemgreek 2016/02/10 v1.0e interfaceforuprightgreeklettersforuseinchemi
stry (CN)
\l__chemgreek_tmpa_int=\count274
\g__chemgreek_tmpa_int=\count275
.................................................
. LaTeX info: "xparse/define-command"
. 
. Defining command \newchemgreekmapping with sig. 'O{}mm' on line 336.
.................................................
.................................................
. LaTeX info: "xparse/define-command"
. 
. Defining command \renewchemgreekmapping with sig. 'O{}mm' on line 339.
.................................................
.................................................
. LaTeX info: "xparse/define-command"
. 
. Defining command \declarechemgreekmapping with sig. 'O{}mm' on line 342.
.................................................
.................................................
. LaTeX info: "xparse/define-command"
. 
. Defining command \newchemgreekmappingalias with sig. 'mm' on line 347.
.................................................
.................................................
. LaTeX info: "xparse/define-command"
. 
. Defining command \renewchemgreekmappingalias with sig. 'mm' on line 350.
.................................................
.................................................
. LaTeX info: "xparse/define-command"
. 
. Defining command \declarechemgreekmappingalias with sig. 'mm' on line 353.
.................................................
.................................................
. LaTeX info: "xparse/define-command"
. 
. Defining command \changechemgreeksymbol with sig. 'mmmm' on line 383.
.................................................
.................................................
. LaTeX info: "xparse/define-command"
. 
. Defining command \chemgreekmappingsymbol with sig. 'mm' on line 477.
.................................................
.................................................
. LaTeX info: "xparse/define-command"
. 
. Defining command \activatechemgreekmapping with sig. 'sm' on line 486.
.................................................
.................................................
. LaTeX info: "xparse/define-command"
. 
. Defining command \selectchemgreekmapping with sig. 'm' on line 491.
.................................................
)
\l__mhchem_ce_distanceFromLastComma_int=\count276
\__mhchem_arrow_extPgfLength_skip=\skip67
\mhchem@minispace@tmp=\skip68
\mhchem@minibackspace@tmp=\skip69
\mhchem@bondwidth=\skip70
\mhchem@bondheight=\skip71
\mhchem@smallbondwidth@tmpA=\skip72
\mhchem@smallbondwidth@tmpB=\skip73
\mhchem@smallbondwidth=\skip74
\mhchem@bondtmp@minussidebearingleft=\skip75
\mhchem@bondtmp@minussidebearingright=\skip76
\l__mhchem_option_version_int=\count277
\mhchem@option@minusmathsidebearingleft=\dimen171
\mhchem@option@minusmathsidebearingright=\dimen172
\mhchem@option@minustextsidebearingleft=\dimen173
\mhchem@option@minustextsidebearingright=\dimen174
)
(/home/kevin/.local/texlive/2015/texmf-dist/tex/latex/l3packages/xfrac/xfrac.st
y (/home/kevin/.local/texlive/2015/texmf-dist/tex/latex/base/textcomp.sty
Package: textcomp 2005/09/27 v1.99g Standard LaTeX package
Package textcomp Info: Sub-encoding information:
(textcomp)               5 = only ISO-Adobe without \textcurrency
(textcomp)               4 = 5 + \texteuro
(textcomp)               3 = 4 + \textohm
(textcomp)               2 = 3 + \textestimated + \textcurrency
(textcomp)               1 = TS1 - \textcircled - \t
(textcomp)               0 = TS1 (full)
(textcomp)             Font families with sub-encoding setting implement
(textcomp)             only a restricted character set as indicated.
(textcomp)             Family '?' is the default used for unknown fonts.
(textcomp)             See the documentation for details.
Package textcomp Info: Setting ? sub-encoding to TS1/1 on input line 79.

(/home/kevin/.local/texlive/2015/texmf-dist/tex/latex/base/ts1enc.def
File: ts1enc.def 2001/06/05 v3.0e (jk/car/fm) Standard LaTeX file
)
LaTeX Info: Redefining \oldstylenums on input line 334.
Package textcomp Info: Setting cmr sub-encoding to TS1/0 on input line 349.
Package textcomp Info: Setting cmss sub-encoding to TS1/0 on input line 350.
Package textcomp Info: Setting cmtt sub-encoding to TS1/0 on input line 351.
Package textcomp Info: Setting cmvtt sub-encoding to TS1/0 on input line 352.
Package textcomp Info: Setting cmbr sub-encoding to TS1/0 on input line 353.
Package textcomp Info: Setting cmtl sub-encoding to TS1/0 on input line 354.
Package textcomp Info: Setting ccr sub-encoding to TS1/0 on input line 355.
Package textcomp Info: Setting ptm sub-encoding to TS1/4 on input line 356.
Package textcomp Info: Setting pcr sub-encoding to TS1/4 on input line 357.
Package textcomp Info: Setting phv sub-encoding to TS1/4 on input line 358.
Package textcomp Info: Setting ppl sub-encoding to TS1/3 on input line 359.
Package textcomp Info: Setting pag sub-encoding to TS1/4 on input line 360.
Package textcomp Info: Setting pbk sub-encoding to TS1/4 on input line 361.
Package textcomp Info: Setting pnc sub-encoding to TS1/4 on input line 362.
Package textcomp Info: Setting pzc sub-encoding to TS1/4 on input line 363.
Package textcomp Info: Setting bch sub-encoding to TS1/4 on input line 364.
Package textcomp Info: Setting put sub-encoding to TS1/5 on input line 365.
Package textcomp Info: Setting uag sub-encoding to TS1/5 on input line 366.
Package textcomp Info: Setting ugq sub-encoding to TS1/5 on input line 367.
Package textcomp Info: Setting ul8 sub-encoding to TS1/4 on input line 368.
Package textcomp Info: Setting ul9 sub-encoding to TS1/4 on input line 369.
Package textcomp Info: Setting augie sub-encoding to TS1/5 on input line 370.
Package textcomp Info: Setting dayrom sub-encoding to TS1/3 on input line 371.
Package textcomp Info: Setting dayroms sub-encoding to TS1/3 on input line 372.
Package textcomp Info: Setting pxr sub-encoding to TS1/0 on input line 373.
Package textcomp Info: Setting pxss sub-encoding to TS1/0 on input line 374.
Package textcomp Info: Setting pxtt sub-encoding to TS1/0 on input line 375.
Package textcomp Info: Setting txr sub-encoding to TS1/0 on input line 376.
Package textcomp Info: Setting txss sub-encoding to TS1/0 on input line 377.
Package textcomp Info: Setting txtt sub-encoding to TS1/0 on input line 378.
Package textcomp Info: Setting lmr sub-encoding to TS1/0 on input line 379.
Package textcomp Info: Setting lmdh sub-encoding to TS1/0 on input line 380.
Package textcomp Info: Setting lmss sub-encoding to TS1/0 on input line 381.
Package textcomp Info: Setting lmssq sub-encoding to TS1/0 on input line 382.
Package textcomp Info: Setting lmvtt sub-encoding to TS1/0 on input line 383.
Package textcomp Info: Setting lmtt sub-encoding to TS1/0 on input line 384.
Package textcomp Info: Setting qhv sub-encoding to TS1/0 on input line 385.
Package textcomp Info: Setting qag sub-encoding to TS1/0 on input line 386.
Package textcomp Info: Setting qbk sub-encoding to TS1/0 on input line 387.
Package textcomp Info: Setting qcr sub-encoding to TS1/0 on input line 388.
Package textcomp Info: Setting qcs sub-encoding to TS1/0 on input line 389.
Package textcomp Info: Setting qpl sub-encoding to TS1/0 on input line 390.
Package textcomp Info: Setting qtm sub-encoding to TS1/0 on input line 391.
Package textcomp Info: Setting qzc sub-encoding to TS1/0 on input line 392.
Package textcomp Info: Setting qhvc sub-encoding to TS1/0 on input line 393.
Package textcomp Info: Setting futs sub-encoding to TS1/4 on input line 394.
Package textcomp Info: Setting futx sub-encoding to TS1/4 on input line 395.
Package textcomp Info: Setting futj sub-encoding to TS1/4 on input line 396.
Package textcomp Info: Setting hlh sub-encoding to TS1/3 on input line 397.
Package textcomp Info: Setting hls sub-encoding to TS1/3 on input line 398.
Package textcomp Info: Setting hlst sub-encoding to TS1/3 on input line 399.
Package textcomp Info: Setting hlct sub-encoding to TS1/5 on input line 400.
Package textcomp Info: Setting hlx sub-encoding to TS1/5 on input line 401.
Package textcomp Info: Setting hlce sub-encoding to TS1/5 on input line 402.
Package textcomp Info: Setting hlcn sub-encoding to TS1/5 on input line 403.
Package textcomp Info: Setting hlcw sub-encoding to TS1/5 on input line 404.
Package textcomp Info: Setting hlcf sub-encoding to TS1/5 on input line 405.
Package textcomp Info: Setting pplx sub-encoding to TS1/3 on input line 406.
Package textcomp Info: Setting pplj sub-encoding to TS1/3 on input line 407.
Package textcomp Info: Setting ptmx sub-encoding to TS1/4 on input line 408.
Package textcomp Info: Setting ptmj sub-encoding to TS1/4 on input line 409.
)
(/home/kevin/.local/texlive/2015/texmf-dist/tex/latex/l3packages/xtemplate/xtem
plate.sty
Package: xtemplate 2016/03/28 v6468 L3 Experimental prototype document functions

\l__xtemplate_tmp_dim=\dimen175
\l__xtemplate_tmp_int=\count278
\l__xtemplate_tmp_muskip=\muskip17
\l__xtemplate_tmp_skip=\skip77
)
Package: xfrac 2016/03/28 v6468 L3 Experimental split-level fractions
\l__xfrac_slash_box=\box51
\l__xfrac_tmp_box=\box52
\l__xfrac_denominator_bot_sep_dim=\dimen176
\l__xfrac_numerator_bot_sep_dim=\dimen177
\l__xfrac_numerator_top_sep_dim=\dimen178
\l__xfrac_slash_left_sep_dim=\dimen179
\l__xfrac_slash_right_sep_dim=\dimen180
\l__xfrac_slash_left_muskip=\muskip18
\l__xfrac_slash_right_muskip=\muskip19
.................................................
. xtemplate info: "declare-object-type"
. 
. Declaring object type 'xfrac' taking 3 argument(s) on line 111.
.................................................
.................................................
. LaTeX info: "xparse/define-command"
. 
. Defining command \sfrac with sig. 'omom' on line 451.
.................................................
)
(/home/kevin/.local/texlive/2015/texmf-dist/tex/latex/placeins/placeins.sty
Package: placeins 2005/04/18  v 2.2
)
(/home/kevin/.local/texlive/2015/texmf-dist/tex/latex/caption/caption.sty
Package: caption 2016/02/21 v3.3-144 Customizing captions (AR)

(/home/kevin/.local/texlive/2015/texmf-dist/tex/latex/caption/caption3.sty
Package: caption3 2016/02/04 v1.7-139 caption3 kernel (AR)
Package caption3 Info: TeX engine: e-TeX on input line 67.
\captionmargin=\dimen181
\captionmargin@=\dimen182
\captionwidth=\dimen183
\caption@tempdima=\dimen184
\caption@indent=\dimen185
\caption@parindent=\dimen186
\caption@hangindent=\dimen187
)
Package caption Info: KOMA-Script document class.
\c@ContinuedFloat=\count279
)
(/home/kevin/.local/texlive/2015/texmf-dist/tex/latex/caption/subcaption.sty
Package: subcaption 2016/02/20 v1.1-142 Sub-captions (AR)
\c@subfigure=\count280
\c@subtable=\count281
)
(/home/kevin/.local/texlive/2015/texmf-dist/tex/latex/oberdiek/grffile.sty
Package: grffile 2012/04/05 v1.16 Extended file name support for graphics (HO)
Package grffile Info: Option `multidot' is set to `true'.
Package grffile Info: Option `extendedchars' is set to `false'.
Package grffile Info: Option `space' is set to `true'.
Package grffile Info: \Gin@ii of package `graphicx' fixed on input line 486.
)
(/home/kevin/.local/texlive/2015/texmf-dist/tex/latex/pdfpages/pdfpages.sty
Package: pdfpages 2015/09/18 v0.5d Insert pages of external PDF documents (AM)

(/home/kevin/.local/texlive/2015/texmf-dist/tex/latex/base/ifthen.sty
Package: ifthen 2014/09/29 v1.1c Standard LaTeX ifthen package (DPC)
)
(/home/kevin/.local/texlive/2015/texmf-dist/tex/latex/eso-pic/eso-pic.sty
Package: eso-pic 2015/07/21 v2.0g eso-pic (RN)

(/home/kevin/.local/texlive/2015/texmf-dist/tex/generic/oberdiek/atbegshi.sty
Package: atbegshi 2011/10/05 v1.16 At begin shipout hook (HO)
)
(/home/kevin/.local/texlive/2015/texmf-dist/tex/latex/xcolor/xcolor.sty
Package: xcolor 2007/01/21 v2.11 LaTeX color extensions (UK)

(/home/kevin/.local/texlive/2015/texmf-dist/tex/latex/latexconfig/color.cfg
File: color.cfg 2007/01/18 v1.5 color configuration of teTeX/TeXLive
)
Package xcolor Info: Driver file: pdftex.def on input line 225.
Package xcolor Info: Model `cmy' substituted by `cmy0' on input line 1337.
Package xcolor Info: Model `hsb' substituted by `rgb' on input line 1341.
Package xcolor Info: Model `RGB' extended on input line 1353.
Package xcolor Info: Model `HTML' substituted by `rgb' on input line 1355.
Package xcolor Info: Model `Hsb' substituted by `hsb' on input line 1356.
Package xcolor Info: Model `tHsb' substituted by `hsb' on input line 1357.
Package xcolor Info: Model `HSB' substituted by `hsb' on input line 1358.
Package xcolor Info: Model `Gray' substituted by `gray' on input line 1359.
Package xcolor Info: Model `wave' substituted by `hsb' on input line 1360.
))
\AM@pagewidth=\dimen188
\AM@pageheight=\dimen189

(/home/kevin/.local/texlive/2015/texmf-dist/tex/latex/pdfpages/ppluatex.def
File: ppluatex.def 2015/09/18 v0.5d Pdfpages driver for LuaTeX (AM)
)
\AM@pagebox=\box53
\AM@toc@title=\toks27
\c@AM@survey=\count282
\AM@templatesizebox=\box54
)
(/home/kevin/.local/texlive/2015/texmf-dist/tex/latex/float/float.sty
Package: float 2001/11/08 v1.3d Float enhancements (AL)
\c@float@type=\count283
\float@exts=\toks28
\float@box=\box55
\@float@everytoks=\toks29
\@floatcapt=\box56
)
(/home/kevin/.local/texlive/2015/texmf-dist/tex/latex/booktabs/booktabs.sty
Package: booktabs 2005/04/14 v1.61803 publication quality tables
\heavyrulewidth=\dimen190
\lightrulewidth=\dimen191
\cmidrulewidth=\dimen192
\belowrulesep=\dimen193
\belowbottomsep=\dimen194
\aboverulesep=\dimen195
\abovetopsep=\dimen196
\cmidrulesep=\dimen197
\cmidrulekern=\dimen198
\defaultaddspace=\dimen199
\@cmidla=\count284
\@cmidlb=\count285
\@aboverulesep=\dimen256
\@belowrulesep=\dimen257
\@thisruleclass=\count286
\@lastruleclass=\count287
\@thisrulewidth=\dimen258
)
(/home/kevin/.local/texlive/2015/texmf-dist/tex/latex/multirow/multirow.sty
\bigstrutjot=\dimen259
)
(/home/kevin/.local/texlive/2015/texmf-dist/tex/latex/was/upgreek.sty
Package: upgreek 2003/02/12 v2.0 (WaS)
Package upgreek Info: Using Euler Roman for upright Greek on input line 31.
\symugrf@m=\mathgroup6
LaTeX Font Info:    Overwriting symbol font `ugrf@m' in version `bold'
(Font)                  U/eur/m/n --> U/eur/b/n on input line 38.
)
(/home/kevin/.local/texlive/2015/texmf-dist/tex/latex/oberdiek/pdflscape.sty
Package: pdflscape 2008/08/11 v0.10 Display of landscape pages in PDF (HO)

(/home/kevin/.local/texlive/2015/texmf-dist/tex/latex/graphics/lscape.sty
Package: lscape 2000/10/22 v3.01 Landscape Pages (DPC)
)
Package pdflscape Info: Auto-detected driver: pdftex on input line 80.
)
(/home/kevin/.local/texlive/2015/texmf-dist/tex/latex/biblatex/biblatex.sty
Package: biblatex 2016/03/03 v3.3 programmable bibliographies (PK/JW/AB)


Package biblatex Warning: No "backend" specified, using Biber backend.
(biblatex)                To use BibTeX, load biblatex with 
(biblatex)                the "backend=bibtex" option.

(/home/kevin/.local/texlive/2015/texmf-dist/tex/latex/biblatex/biblatex_.sty
Package: biblatex_ 2016/03/03 v3.3 programmable bibliographies (biber) (PK/JW/AB
)

(/home/kevin/.local/texlive/2015/texmf-dist/tex/latex/logreq/logreq.sty
Package: logreq 2010/08/04 v1.0 xml request logger
\lrq@indent=\count288

(/home/kevin/.local/texlive/2015/texmf-dist/tex/latex/logreq/logreq.def
File: logreq.def 2010/08/04 v1.0 logreq spec v1.0
))
(/home/kevin/.local/texlive/2015/texmf-dist/tex/latex/url/url.sty
\Urlmuskip=\muskip20
Package: url 2013/09/16  ver 3.4  Verb mode for urls, etc.
)
\c@tabx@nest=\count289
\c@listtotal=\count290
\c@listcount=\count291
\c@liststart=\count292
\c@liststop=\count293
\c@citecount=\count294
\c@citetotal=\count295
\c@multicitecount=\count296
\c@multicitetotal=\count297
\c@instcount=\count298
\c@maxnames=\count299
\c@minnames=\count300
\c@maxitems=\count301
\c@minitems=\count302
\c@citecounter=\count303
\c@savedcitecounter=\count304
\c@uniquelist=\count305
\c@uniquename=\count306
\c@refsection=\count307
\c@refsegment=\count308
\c@maxextratitle=\count309
\c@maxextratitleyear=\count310
\c@maxextrayear=\count311
\c@maxextraalpha=\count312
\c@abbrvpenalty=\count313
\c@highnamepenalty=\count314
\c@lownamepenalty=\count315
\c@maxparens=\count316
\c@parenlevel=\count317
\blx@tempcnta=\count318
\blx@tempcntb=\count319
\blx@tempcntc=\count320
\blx@maxsection=\count321
\blx@maxsegment@0=\count322
\blx@notetype=\count323
\blx@parenlevel@text=\count324
\blx@parenlevel@foot=\count325
\blx@sectionciteorder@0=\count326
\labelnumberwidth=\skip78
\labelalphawidth=\skip79
\biblabelsep=\skip80
\bibitemsep=\skip81
\bibnamesep=\skip82
\bibinitsep=\skip83
\bibparsep=\skip84
\bibhang=\skip85
\blx@bcfin=\read2
\blx@bcfout=\write3
\c@mincomprange=\count327
\c@maxcomprange=\count328
\c@mincompwidth=\count329
Package biblatex Info: Trying to load biblatex default data model...
Package biblatex Info: ... file 'blx-dm.def' found.

(/home/kevin/.local/texlive/2015/texmf-dist/tex/latex/biblatex/blx-dm.def)
Package biblatex Info: Trying to load biblatex custom data model...
Package biblatex Info: ... file 'biblatex-dm.cfg' not found.
\c@afterword=\count330
\c@savedafterword=\count331
\c@annotator=\count332
\c@savedannotator=\count333
\c@author=\count334
\c@savedauthor=\count335
\c@bookauthor=\count336
\c@savedbookauthor=\count337
\c@commentator=\count338
\c@savedcommentator=\count339
\c@editor=\count340
\c@savededitor=\count341
\c@editora=\count342
\c@savededitora=\count343
\c@editorb=\count344
\c@savededitorb=\count345
\c@editorc=\count346
\c@savededitorc=\count347
\c@foreword=\count348
\c@savedforeword=\count349
\c@holder=\count350
\c@savedholder=\count351
\c@introduction=\count352
\c@savedintroduction=\count353
\c@namea=\count354
\c@savednamea=\count355
\c@nameb=\count356
\c@savednameb=\count357
\c@namec=\count358
\c@savednamec=\count359
\c@translator=\count360
\c@savedtranslator=\count361
\c@shortauthor=\count362
\c@savedshortauthor=\count363
\c@shorteditor=\count364
\c@savedshorteditor=\count365
\c@labelname=\count366
\c@savedlabelname=\count367
\c@institution=\count368
\c@savedinstitution=\count369
\c@lista=\count370
\c@savedlista=\count371
\c@listb=\count372
\c@savedlistb=\count373
\c@listc=\count374
\c@savedlistc=\count375
\c@listd=\count376
\c@savedlistd=\count377
\c@liste=\count378
\c@savedliste=\count379
\c@listf=\count380
\c@savedlistf=\count381
\c@location=\count382
\c@savedlocation=\count383
\c@organization=\count384
\c@savedorganization=\count385
\c@origlocation=\count386
\c@savedoriglocation=\count387
\c@origpublisher=\count388
\c@savedorigpublisher=\count389
\c@publisher=\count390
\c@savedpublisher=\count391
\c@language=\count392
\c@savedlanguage=\count393
\c@pageref=\count394
\c@savedpageref=\count395
\shorthandwidth=\skip86
\shortjournalwidth=\skip87
\shortserieswidth=\skip88
\shorttitlewidth=\skip89
\shortauthorwidth=\skip90
\shorteditorwidth=\skip91
Package biblatex Info: Trying to load compatibility code...
Package biblatex Info: ... file 'blx-compat.def' found.

(/home/kevin/.local/texlive/2015/texmf-dist/tex/latex/biblatex/blx-compat.def
File: blx-compat.def 2016/03/03 v3.3 biblatex compatibility (PK/JW/AB)
)
Package biblatex Info: Trying to load generic definitions...
Package biblatex Info: ... file 'biblatex_.def' found.

(/home/kevin/.local/texlive/2015/texmf-dist/tex/latex/biblatex/biblatex_.def
File: biblatex_.def 
\c@textcitecount=\count396
\c@textcitetotal=\count397
\c@textcitemaxnames=\count398
\c@biburlnumpenalty=\count399
\c@biburlucpenalty=\count400
\c@biburllcpenalty=\count401
\c@smartand=\count402
)
Package biblatex Info: Trying to load bibliography style 'numeric'...
Package biblatex Info: ... file 'numeric.bbx' found.

(/home/kevin/.local/texlive/2015/texmf-dist/tex/latex/biblatex/bbx/numeric.bbx
File: numeric.bbx 2016/03/03 v3.3 biblatex bibliography style (PK/JW/AB)
Package biblatex Info: Trying to load bibliography style 'standard'...
Package biblatex Info: ... file 'standard.bbx' found.

(/home/kevin/.local/texlive/2015/texmf-dist/tex/latex/biblatex/bbx/standard.bbx
File: standard.bbx 2016/03/03 v3.3 biblatex bibliography style (PK/JW/AB)
\c@bbx:relatedcount=\count403
\c@bbx:relatedtotal=\count404
))
Package biblatex Info: Trying to load citation style 'numeric'...
Package biblatex Info: ... file 'numeric.cbx' found.

(/home/kevin/.local/texlive/2015/texmf-dist/tex/latex/biblatex/cbx/numeric.cbx
File: numeric.cbx 2016/03/03 v3.3 biblatex citation style (PK/JW/AB)
Package biblatex Info: Redefining '\cite'.
Package biblatex Info: Redefining '\parencite'.
Package biblatex Info: Redefining '\footcite'.
Package biblatex Info: Redefining '\footcitetext'.
Package biblatex Info: Redefining '\smartcite'.
Package biblatex Info: Redefining '\supercite'.
Package biblatex Info: Redefining '\textcite'.
Package biblatex Info: Redefining '\textcites'.
Package biblatex Info: Redefining '\cites'.
Package biblatex Info: Redefining '\parencites'.
Package biblatex Info: Redefining '\smartcites'.
)
Package biblatex Info: Trying to load configuration file...
Package biblatex Info: ... file 'biblatex.cfg' found.

(/home/kevin/.local/texlive/2015/texmf-dist/tex/latex/biblatex/biblatex.cfg
File: biblatex.cfg 
)))
(/home/kevin/.local/texlive/2015/texmf-dist/tex/latex/ziffer/ziffer.sty)
(/home/kevin/.local/texlive/2015/texmf-dist/tex/latex/hyperref/hyperref.sty
Package: hyperref 2012/11/06 v6.83m Hypertext links for LaTeX

(/home/kevin/.local/texlive/2015/texmf-dist/tex/generic/oberdiek/hobsub-hyperre
f.sty
Package: hobsub-hyperref 2012/05/28 v1.13 Bundle oberdiek, subset hyperref (HO)

(/home/kevin/.local/texlive/2015/texmf-dist/tex/generic/oberdiek/hobsub-generic
.sty
Package: hobsub-generic 2012/05/28 v1.13 Bundle oberdiek, subset generic (HO)
Package: hobsub 2012/05/28 v1.13 Construct package bundles (HO)
Package hobsub Info: Skipping package `infwarerr' (already loaded).
Package hobsub Info: Skipping package `ltxcmds' (already loaded).
Package hobsub Info: Skipping package `ifluatex' (already loaded).
Package: ifvtex 2010/03/01 v1.5 Detect VTeX and its facilities (HO)
Package ifvtex Info: VTeX not detected.
Package: intcalc 2007/09/27 v1.1 Expandable calculations with integers (HO)
Package hobsub Info: Skipping package `ifpdf' (already loaded).
Package hobsub Info: Skipping package `etexcmds' (already loaded).
Package hobsub Info: Skipping package `kvsetkeys' (already loaded).
Package: kvdefinekeys 2011/04/07 v1.3 Define keys (HO)
Package hobsub Info: Skipping package `luatex-loader' (already loaded).
Package hobsub Info: Skipping package `pdftexcmds' (already loaded).
Package: pdfescape 2011/11/25 v1.13 Implements pdfTeX's escape features (HO)
Package hobsub Info: Skipping package `bigintcalc' (already loaded).
Package: bitset 2011/01/30 v1.1 Handle bit-vector datatype (HO)
Package hobsub Info: Skipping package `uniquecounter' (already loaded).
)
Package hobsub Info: Skipping package `hobsub' (already loaded).
Package: letltxmacro 2010/09/02 v1.4 Let assignment for LaTeX macros (HO)
Package: hopatch 2012/05/28 v1.2 Wrapper for package hooks (HO)
Package: xcolor-patch 2011/01/30 xcolor patch
Package hobsub Info: Skipping package `atveryend' (already loaded).
Package hobsub Info: Skipping package `atbegshi' (already loaded).
Package: refcount 2011/10/16 v3.4 Data extraction from label references (HO)
Package: hycolor 2011/01/30 v1.7 Color options for hyperref/bookmark (HO)
)
(/home/kevin/.local/texlive/2015/texmf-dist/tex/latex/oberdiek/auxhook.sty
Package: auxhook 2011/03/04 v1.3 Hooks for auxiliary files (HO)
)
\@linkdim=\dimen260
\Hy@linkcounter=\count405
\Hy@pagecounter=\count406

(/home/kevin/.local/texlive/2015/texmf-dist/tex/latex/hyperref/pd1enc.def
File: pd1enc.def 2012/11/06 v6.83m Hyperref: PDFDocEncoding definition (HO)
)
\Hy@SavedSpaceFactor=\count407

(/home/kevin/.local/texlive/2015/texmf-dist/tex/latex/latexconfig/hyperref.cfg
File: hyperref.cfg 2002/06/06 v1.2 hyperref configuration of TeXLive
)
Package hyperref Info: Option `unicode' set `true' on input line 4319.

(/home/kevin/.local/texlive/2015/texmf-dist/tex/latex/hyperref/puenc.def
File: puenc.def 2012/11/06 v6.83m Hyperref: PDF Unicode definition (HO)
)
Package hyperref Info: Option `pdfusetitle' set `true' on input line 4319.
Package hyperref Info: Hyper figures OFF on input line 4443.
Package hyperref Info: Link nesting OFF on input line 4448.
Package hyperref Info: Hyper index ON on input line 4451.
Package hyperref Info: Plain pages OFF on input line 4458.
Package hyperref Info: Backreferencing OFF on input line 4463.
Package hyperref Info: Implicit mode ON; LaTeX internals redefined.
Package hyperref Info: Bookmarks ON on input line 4688.
\c@Hy@tempcnt=\count408
LaTeX Info: Redefining \url on input line 5041.
\XeTeXLinkMargin=\dimen261
\Fld@menulength=\count409
\Field@Width=\dimen262
\Fld@charsize=\dimen263
Package hyperref Info: Hyper figures OFF on input line 6295.
Package hyperref Info: Link nesting OFF on input line 6300.
Package hyperref Info: Hyper index ON on input line 6303.
Package hyperref Info: backreferencing OFF on input line 6310.
Package hyperref Info: Link coloring OFF on input line 6315.
Package hyperref Info: Link coloring with OCG OFF on input line 6320.
Package hyperref Info: PDF/A mode OFF on input line 6325.
LaTeX Info: Redefining \ref on input line 6365.
LaTeX Info: Redefining \pageref on input line 6369.
\Hy@abspage=\count410
\c@Item=\count411
\c@Hfootnote=\count412
)

Package hyperref Message: Driver (autodetected): hpdftex.

(/home/kevin/.local/texlive/2015/texmf-dist/tex/latex/hyperref/hpdftex.def
File: hpdftex.def 2012/11/06 v6.83m Hyperref driver for pdfTeX
\Fld@listcount=\count413
\c@bookmark@seq@number=\count414
\Hy@SectionHShift=\skip92
)
(/home/kevin/.local/texlive/2015/texmf-dist/tex/latex/oberdiek/bookmark.sty
Package: bookmark 2011/12/02 v1.24 PDF bookmarks (HO)

(/home/kevin/.local/texlive/2015/texmf-dist/tex/latex/oberdiek/bkm-pdftex.def
File: bkm-pdftex.def 2011/12/02 v1.24 bookmark driver for pdfTeX (HO)
\BKM@id=\count415
))
(/home/kevin/.local/texlive/2015/texmf-dist/tex/latex/ncctools/extdash.sty
Package: extdash 2005/01/29 v1.2 Extended Dash Package (NCC)
))
Package csquotes Info: Checking for multilingual support...
Package csquotes Info: ... found 'polyglossia' package.


Package csquotes Warning: Using preliminary 'polyglossia' interface.
(csquotes)                Some of the multilingual features may not
(csquotes)                work as expected.

Package biblatex Info: Trying to load language 'german'...
Package biblatex Info: ... file 'german.lbx' found.
(/home/kevin/.local/texlive/2015/texmf-dist/tex/latex/biblatex/lbx/german.lbx
File: german.lbx 2016/03/03 v3.3 biblatex localization (PK/JW/AB)
)
No file Astroteilchen.aux.

\openout1 = Astroteilchen.aux
LaTeX Font Info:    Checking defaults for OML/cmm/m/it on input line 11.
LaTeX Font Info:    ... okay on input line 11.
LaTeX Font Info:    Checking defaults for T1/cmr/m/n on input line 11.
LaTeX Font Info:    ... okay on input line 11.
LaTeX Font Info:    Checking defaults for OT1/cmr/m/n on input line 11.
LaTeX Font Info:    ... okay on input line 11.
LaTeX Font Info:    Checking defaults for OMS/cmsy/m/n on input line 11.
LaTeX Font Info:    ... okay on input line 11.
LaTeX Font Info:    Checking defaults for OMX/cmex/m/n on input line 11.
LaTeX Font Info:    ... okay on input line 11.
LaTeX Font Info:    Checking defaults for U/cmr/m/n on input line 11.
LaTeX Font Info:    ... okay on input line 11.
LaTeX Font Info:    Checking defaults for EU2/lmr/m/n on input line 11.
LaTeX Font Info:    ... okay on input line 11.
LaTeX Font Info:    Checking defaults for T3/cmr/m/n on input line 11.
LaTeX Font Info:    Try loading font information for T3+cmr on input line 11.
(/home/kevin/.local/texlive/2015/texmf-dist/tex/latex/tipa/t3cmr.fd
File: t3cmr.fd 2001/12/31 TIPA font definitions
)
LaTeX Font Info:    ... okay on input line 11.
LaTeX Font Info:    Checking defaults for TS1/cmr/m/n on input line 11.
LaTeX Font Info:    Try loading font information for TS1+cmr on input line 11.

(/home/kevin/.local/texlive/2015/texmf-dist/tex/latex/base/ts1cmr.fd
File: ts1cmr.fd 2014/09/29 v2.5h Standard LaTeX font definitions
)
LaTeX Font Info:    ... okay on input line 11.
LaTeX Font Info:    Checking defaults for PD1/pdf/m/n on input line 11.
LaTeX Font Info:    ... okay on input line 11.
LaTeX Font Info:    Checking defaults for PU/pdf/m/n on input line 11.
LaTeX Font Info:    ... okay on input line 11.

(/home/kevin/.local/texlive/2015/texmf-dist/tex/context/base/supp-pdf.mkii
[Loading MPS to PDF converter (version 2006.09.02).]
\scratchcounter=\count416
\scratchdimen=\dimen264
\scratchbox=\box57
\nofMPsegments=\count417
\nofMParguments=\count418
\everyMPshowfont=\toks30
\MPscratchCnt=\count419
\MPscratchDim=\dimen265
\MPnumerator=\count420
\makeMPintoPDFobject=\count421
\everyMPtoPDFconversion=\toks31
)
(/home/kevin/.local/texlive/2015/texmf-dist/tex/latex/oberdiek/epstopdf-base.st
y
Package: epstopdf-base 2010/02/09 v2.5 Base part for package epstopdf
 (/home/kevin/.local/texlive/2015/texmf-dist/tex/latex/oberdiek/grfext.sty
Package: grfext 2010/08/19 v1.1 Manage graphics extensions (HO)
)
Package grfext Info: Graphics extension search list:
(grfext)             [.png,.pdf,.jpg,.mps,.tif,.jpeg,.PNG,.PDF,.JPG,.JPEG,.eps]
(grfext)             \AppendGraphicsExtensions on input line 452.

(/home/kevin/.local/texlive/2015/texmf-dist/tex/latex/latexconfig/epstopdf-sys.
cfg
File: epstopdf-sys.cfg 2010/07/13 v1.3 Configuration of (r)epstopdf for TeX Live

))
.................................................
. fontspec info: "setup-math"
. 
. Adjusting the maths setup (use [no-math] to avoid this).
.................................................
\symlegacymaths=\mathgroup7
LaTeX Font Info:    Overwriting symbol font `legacymaths' in version `bold'
(Font)                  OT1/cmr/m/n --> OT1/cmr/bx/n on input line 11.
LaTeX Font Info:    Redeclaring math accent \acute on input line 11.
LaTeX Font Info:    Redeclaring math accent \grave on input line 11.
LaTeX Font Info:    Redeclaring math accent \ddot on input line 11.
LaTeX Font Info:    Redeclaring math accent \tilde on input line 11.
LaTeX Font Info:    Redeclaring math accent \bar on input line 11.
LaTeX Font Info:    Redeclaring math accent \breve on input line 11.
LaTeX Font Info:    Redeclaring math accent \check on input line 11.
LaTeX Font Info:    Redeclaring math accent \hat on input line 11.
LaTeX Font Info:    Redeclaring math accent \dot on input line 11.
LaTeX Font Info:    Redeclaring math accent \mathring on input line 11.
LaTeX Font Info:    Redeclaring math symbol \Gamma on input line 11.
LaTeX Font Info:    Redeclaring math symbol \Delta on input line 11.
LaTeX Font Info:    Redeclaring math symbol \Theta on input line 11.
LaTeX Font Info:    Redeclaring math symbol \Lambda on input line 11.
LaTeX Font Info:    Redeclaring math symbol \Xi on input line 11.
LaTeX Font Info:    Redeclaring math symbol \Pi on input line 11.
LaTeX Font Info:    Redeclaring math symbol \Sigma on input line 11.
LaTeX Font Info:    Redeclaring math symbol \Upsilon on input line 11.
LaTeX Font Info:    Redeclaring math symbol \Phi on input line 11.
LaTeX Font Info:    Redeclaring math symbol \Psi on input line 11.
LaTeX Font Info:    Redeclaring math symbol \Omega on input line 11.
LaTeX Font Info:    Redeclaring math symbol \mathdollar on input line 11.
LaTeX Font Info:    Redeclaring symbol font `operators' on input line 11.
LaTeX Font Info:    Encoding `OT1' has changed to `EU2' for symbol font
(Font)              `operators' in the math version `normal' on input line 11.
LaTeX Font Info:    Overwriting symbol font `operators' in version `normal'
(Font)                  OT1/cmr/m/n --> EU2/lmr/m/n on input line 11.
LaTeX Font Info:    Encoding `OT1' has changed to `EU2' for symbol font
(Font)              `operators' in the math version `bold' on input line 11.
LaTeX Font Info:    Overwriting symbol font `operators' in version `bold'
(Font)                  OT1/cmr/bx/n --> EU2/lmr/m/n on input line 11.
LaTeX Font Info:    Overwriting symbol font `operators' in version `normal'
(Font)                  EU2/lmr/m/n --> EU2/lmr/m/n on input line 11.
LaTeX Font Info:    Overwriting math alphabet `\mathit' in version `normal'
(Font)                  OT1/cmr/m/it --> EU2/lmr/m/it on input line 11.
LaTeX Font Info:    Overwriting math alphabet `\mathbf' in version `normal'
(Font)                  OT1/cmr/bx/n --> EU2/lmr/bx/n on input line 11.
LaTeX Font Info:    Overwriting math alphabet `\mathsf' in version `normal'
(Font)                  OT1/cmss/m/n --> EU2/lmss/m/n on input line 11.
LaTeX Font Info:    Overwriting math alphabet `\mathtt' in version `normal'
(Font)                  OT1/cmtt/m/n --> EU2/lmtt/m/n on input line 11.
LaTeX Font Info:    Overwriting symbol font `operators' in version `bold'
(Font)                  EU2/lmr/m/n --> EU2/lmr/bx/n on input line 11.
LaTeX Font Info:    Overwriting math alphabet `\mathit' in version `bold'
(Font)                  OT1/cmr/bx/it --> EU2/lmr/bx/it on input line 11.
LaTeX Font Info:    Overwriting math alphabet `\mathsf' in version `bold'
(Font)                  OT1/cmss/bx/n --> EU2/lmss/bx/n on input line 11.
LaTeX Font Info:    Overwriting math alphabet `\mathtt' in version `bold'
(Font)                  OT1/cmtt/m/n --> EU2/lmtt/bx/n on input line 11.

Language ngerman already loaded; id is 8
(/home/kevin/.local/texlive/2015/texmf-dist/tex/latex/beamer/translator/dicts/t
ranslator-basic-dictionary/translator-basic-dictionary-English.dict
Dictionary: translator-basic-dictionary, Language: English 
)
(/home/kevin/.local/texlive/2015/texmf-dist/tex/latex/siunitx/siunitx-abbreviat
ions.cfg
File: siunitx-abbreviations.cfg 2016/03/01 v2.6q siunitx: Abbreviated units
)
.................................................
. chemgreek info: "mapping-activated"
. 
. Activating mapping `default' on line 11.
.................................................
Package caption Info: Begin \AtBeginDocument code.
Package caption Info: float package is loaded.
Package caption Info: hyperref package is loaded.
Package caption Info: End \AtBeginDocument code.
\AtBeginShipoutBox=\box58
Package biblatex Info: LuaTeX detected.
(biblatex)             Assuming input encoding 'utf8'.
Package biblatex Info: Automatic encoding selection.
(biblatex)             Assuming data encoding 'utf8'.

\openout3 = Astroteilchen.bcf
Package biblatex Info: Trying to load bibliographic data...
Package biblatex Info: ... file 'Astroteilchen.bbl' not found.

No file Astroteilchen.bbl.
Package biblatex Info: Reference section=0 on input line 11.
Package biblatex Info: Reference segment=0 on input line 11.
Package hyperref Info: Link coloring OFF on input line 11.
(/home/kevin/.local/texlive/2015/texmf-dist/tex/latex/hyperref/nameref.sty
Package: nameref 2012/10/27 v2.43 Cross-referencing by name of section

(/home/kevin/.local/texlive/2015/texmf-dist/tex/generic/oberdiek/gettitlestring
.sty
Package: gettitlestring 2010/12/03 v1.4 Cleanup title references (HO)
)
\c@section@level=\count422
)
LaTeX Info: Redefining \ref on input line 11.
LaTeX Info: Redefining \pageref on input line 11.
LaTeX Info: Redefining \nameref on input line 11.
\c__siunitx_mathsf_int=\count423
(load luc: /home/kevin/.local/texlive/2015/texmf-var/luatex-cache/generic/fonts/
otf/lmroman8-regular.luc)(load luc: /home/kevin/.local/texlive/2015/texmf-var/lu
atex-cache/generic/fonts/otf/lmroman6-regular.luc)
LaTeX Font Info:    Try loading font information for U+msa on input line 11.

(/home/kevin/.local/texlive/2015/texmf-dist/tex/latex/amsfonts/umsa.fd
File: umsa.fd 2013/01/14 v3.01 AMS symbols A
)
LaTeX Font Info:    Try loading font information for U+msb on input line 11.

(/home/kevin/.local/texlive/2015/texmf-dist/tex/latex/amsfonts/umsb.fd
File: umsb.fd 2013/01/14 v3.01 AMS symbols B
)(load luc: /home/kevin/.local/texlive/2015/texmf-var/luatex-cache/generic/fonts
/otf/lmsans8-regular.luc)
\c__siunitx_mathtt_int=\count424
LaTeX Font Info:    Try loading font information for EU2+lmtt on input line 11.

(/home/kevin/.local/texlive/2015/texmf-dist/tex/latex/euenc/eu2lmtt.fd
File: eu2lmtt.fd 2009/10/30 v1.6 Font defs for Latin Modern
)(load luc: /home/kevin/.local/texlive/2015/texmf-var/luatex-cache/generic/fonts
/otf/lmmono10-regular.luc)(load luc: /home/kevin/.local/texlive/2015/texmf-var/l
uatex-cache/generic/fonts/otf/lmmono8-regular.luc)(load luc: /home/kevin/.local/
texlive/2015/texmf-var/luatex-cache/generic/fonts/otf/lmroman12-bold.luc)(load l
uc: /home/kevin/.local/texlive/2015/texmf-var/luatex-cache/generic/fonts/otf/lms
ans10-bold.luc)(load luc: /home/kevin/.local/texlive/2015/texmf-var/luatex-cache
/generic/fonts/otf/lmroman12-regular.luc)(load luc: /home/kevin/.local/texlive/2
015/texmf-var/luatex-cache/generic/fonts/otf/lmroman7-regular.luc)(load luc: /ho
me/kevin/.local/texlive/2015/texmf-var/luatex-cache/generic/fonts/otf/lmsans12-r
egular.luc)(load luc: /home/kevin/.local/texlive/2015/texmf-var/luatex-cache/gen
eric/fonts/otf/lmmono12-regular.luc)

LaTeX Warning: No \author given.

[1

{/home/kevin/.local/texlive/2015/texmf-var/fonts/map/pdftex/updmap/pdftex.map}]
 (./teil1.tex)

LaTeX Warning: Empty bibliography on input line 23.

Package atveryend Info: Empty hook `BeforeClearDocument' on input line 25.
[2

]
Package atveryend Info: Empty hook `AfterLastShipout' on input line 25.
 (./Astroteilchen.aux
luatex-hyphen: loading patterns and exceptions for: german (\language4)
luatex-hyphen: info: no hyphenation exceptions for this language
Language ngerman already loaded; id is 8)
Package atveryend Info: Executing hook `AtVeryEndDocument' on input line 25.
Package atveryend Info: Executing hook `AtEndAfterFileList' on input line 25.


Package rerunfilecheck Warning: File `Astroteilchen.aux' has changed. Rerun.

Package rerunfilecheck Info: Checksums for `Astroteilchen.aux':
(rerunfilecheck)             Before: <no file>
(rerunfilecheck)             After:  E23C1D2F4AC918E3160A8BEB26E02DC6;2957.

LaTeX Warning: There were undefined references.


Package biblatex Warning: Please (re)run Biber on the file:
(biblatex)                Astroteilchen
(biblatex)                and rerun LaTeX afterwards.

Package logreq Info: Writing requests to 'Astroteilchen.run.xml'.

\openout1 = Astroteilchen.run.xml
Package atveryend Info: Empty hook `AtVeryVeryEnd' on input line 25.
)

Here is how much of LuaTeX's memory you used:
 38523 strings out of 495003
 100000,1373583 words of node,token memory allocated
 418 words of node memory still in use:
   6 hlist, 2 vlist, 2 rule, 2 glue, 1 kern, 5 attribute, 59 glue_spec, 5 attrib
ute_list, 1 write nodes
   avail lists: 2:265,3:61,4:371,5:93,6:974,7:8,8:4,9:99,10:149
 41119 multiletter control sequences out of 65536+600000
 82 fonts using 6228655 bytes
 71i,6n,100p,962b,859s stack positions out of 5000i,500n,10000p,200000b,100000s
</home/kevin/.local/texlive/2015/texmf-dist/fonts/opentype/public/lm/lmroman10-b
old.otf></home/kevin/.local/texlive/2015/texmf-dist/fonts/opentype/public/lm/lmr
oman10-regular.otf></home/kevin/.local/texlive/2015/texmf-dist/fonts/opentype/pu
blic/lm/lmroman12-regular.otf></home/kevin/.local/texlive/2015/texmf-dist/fonts/
opentype/public/lm/lmsans10-bold.otf></home/kevin/.local/texlive/2015/texmf-dist
/fonts/opentype/public/lm/lmroman12-bold.otf><</home/kevin/.local/texlive/2015/t
exmf-dist/fonts/type1/public/amsfonts/cm/cmr10.pfb><</home/kevin/.local/texlive/
2015/texmf-dist/fonts/type1/public/amsfonts/cm/cmsy10.pfb>
Output written on Astroteilchen.pdf (2 pages, 37798 bytes).

PDF statistics: 73 PDF objects out of 1000 (max. 8388607)
 51 compressed objects within 1 object stream
 6 named destinations out of 1000 (max. 131072)
 25 words of extra memory for PDF output out of 10000 (max. 10000000)

